{"t":{"$date":"2026-04-20T22:02:20.760+05:30"},"s":"I",  "c":"CONTROL",  "id":23285,   "ctx":"thread1","msg":"Automatically disabling TLS 1.0, to force-enable TLS 1.0 specify --sslDisabledProtocols 'none'"}
{"t":{"$date":"2026-04-20T22:02:22.084+05:30"},"s":"I",  "c":"CONTROL",  "id":5945603, "ctx":"thread1","msg":"Multi threading initialized"}
{"t":{"$date":"2026-04-20T22:02:22.084+05:30"},"s":"I",  "c":"NETWORK",  "id":4648601, "ctx":"thread1","msg":"Implicit TCP FastOpen unavailable. If TCP FastOpen is required, set at least one of the related parameters","attr":{"relatedParameters":["tcpFastOpenServer","tcpFastOpenClient","tcpFastOpenQueueSize"]}}
{"t":{"$date":"2026-04-20T22:02:22.086+05:30"},"s":"I",  "c":"NETWORK",  "id":4915701, "ctx":"thread1","msg":"Initialized wire specification","attr":{"spec":{"incomingExternalClient":{"minWireVersion":0,"maxWireVersion":25},"incomingInternalClient":{"minWireVersion":0,"maxWireVersion":25},"outgoing":{"minWireVersion":6,"maxWireVersion":25},"isInternalClient":true}}}
{"t":{"$date":"2026-04-20T22:02:22.087+05:30"},"s":"I",  "c":"TENANT_M", "id":7091600, "ctx":"thread1","msg":"Starting TenantMigrationAccessBlockerRegistry"}
{"t":{"$date":"2026-04-20T22:02:22.087+05:30"},"s":"I",  "c":"CONTROL",  "id":4615611, "ctx":"initandlisten","msg":"MongoDB starting","attr":{"pid":39220,"port":27017,"dbPath":"./.mongo-data","architecture":"64-bit","host":"Syntho_Mind"}}
{"t":{"$date":"2026-04-20T22:02:22.087+05:30"},"s":"I",  "c":"CONTROL",  "id":23398,   "ctx":"initandlisten","msg":"Target operating system minimum version","attr":{"targetMinOS":"Windows 7/Windows Server 2008 R2"}}
{"t":{"$date":"2026-04-20T22:02:22.087+05:30"},"s":"I",  "c":"CONTROL",  "id":23403,   "ctx":"initandlisten","msg":"Build Info","attr":{"buildInfo":{"version":"8.0.6","gitVersion":"80f21521ad4a3dfd5613f5d649d7058c6d46277f","modules":[],"allocator":"tcmalloc-gperf","environment":{"distmod":"windows","distarch":"x86_64","target_arch":"x86_64"}}}}
{"t":{"$date":"2026-04-20T22:02:22.087+05:30"},"s":"I",  "c":"CONTROL",  "id":51765,   "ctx":"initandlisten","msg":"Operating System","attr":{"os":{"name":"Microsoft Windows 10","version":"10.0 (build 26200)"}}}
{"t":{"$date":"2026-04-20T22:02:22.087+05:30"},"s":"I",  "c":"CONTROL",  "id":21951,   "ctx":"initandlisten","msg":"Options set by command line","attr":{"options":{"net":{"bindIp":"127.0.0.1","port":27017},"storage":{"dbPath":".\\.mongo-data"},"systemLog":{"destination":"file","path":".\\.mongo-log\\mongod.log"}}}}
{"t":{"$date":"2026-04-20T22:02:22.089+05:30"},"s":"I",  "c":"STORAGE",  "id":22270,   "ctx":"initandlisten","msg":"Storage engine to use detected by data files","attr":{"dbpath":"./.mongo-data","storageEngine":"wiredTiger"}}
{"t":{"$date":"2026-04-20T22:02:22.089+05:30"},"s":"I",  "c":"STORAGE",  "id":22315,   "ctx":"initandlisten","msg":"Opening WiredTiger","attr":{"config":"create,cache_size=7514M,session_max=33000,eviction=(threads_min=4,threads_max=4),config_base=false,statistics=(fast),log=(enabled=true,remove=true,path=journal,compressor=snappy),builtin_extension_config=(zstd=(compression_level=6)),file_manager=(close_idle_time=600,close_scan_interval=10,close_handle_minimum=2000),statistics_log=(wait=0),json_output=(error,message),verbose=[recovery_progress:1,checkpoint_progress:1,compact_progress:1,backup:0,checkpoint:0,compact:0,evict:0,history_store:0,recovery:0,rts:0,salvage:0,tiered:0,timestamp:0,transaction:0,verify:0,log:0],prefetch=(available=true,default=false),"}}
{"t":{"$date":"2026-04-20T22:02:22.120+05:30"},"s":"I",  "c":"WTRECOV",  "id":22430,   "ctx":"initandlisten","msg":"WiredTiger message","attr":{"message":{"ts_sec":1776702742,"ts_usec":120186,"thread":"39220:140715967546912","session_name":"txn-recover","category":"WT_VERB_RECOVERY_PROGRESS","category_id":34,"verbose_level":"DEBUG_1","verbose_level_id":1,"msg":"Recovering log 2 through 3"}}}
{"t":{"$date":"2026-04-20T22:02:22.177+05:30"},"s":"I",  "c":"WTRECOV",  "id":22430,   "ctx":"initandlisten","msg":"WiredTiger message","attr":{"message":{"ts_sec":1776702742,"ts_usec":176645,"thread":"39220:140715967546912","session_name":"txn-recover","category":"WT_VERB_RECOVERY_PROGRESS","category_id":34,"verbose_level":"DEBUG_1","verbose_level_id":1,"msg":"Recovering log 3 through 3"}}}
{"t":{"$date":"2026-04-20T22:02:22.244+05:30"},"s":"I",  "c":"WTRECOV",  "id":22430,   "ctx":"initandlisten","msg":"WiredTiger message","attr":{"message":{"ts_sec":1776702742,"ts_usec":243337,"thread":"39220:140715967546912","session_name":"txn-recover","category":"WT_VERB_RECOVERY_PROGRESS","category_id":34,"verbose_level":"DEBUG_1","verbose_level_id":1,"msg":"Main recovery loop: starting at 2/4736 to 3/256"}}}
{"t":{"$date":"2026-04-20T22:02:22.354+05:30"},"s":"I",  "c":"WTRECOV",  "id":22430,   "ctx":"initandlisten","msg":"WiredTiger message","attr":{"message":{"ts_sec":1776702742,"ts_usec":354051,"thread":"39220:140715967546912","session_name":"txn-recover","category":"WT_VERB_RECOVERY_PROGRESS","category_id":34,"verbose_level":"DEBUG_1","verbose_level_id":1,"msg":"Recovering log 2 through 3"}}}
{"t":{"$date":"2026-04-20T22:02:22.419+05:30"},"s":"I",  "c":"WTRECOV",  "id":22430,   "ctx":"initandlisten","msg":"WiredTiger message","attr":{"message":{"ts_sec":1776702742,"ts_usec":419791,"thread":"39220:140715967546912","session_name":"txn-recover","category":"WT_VERB_RECOVERY_PROGRESS","category_id":34,"verbose_level":"DEBUG_1","verbose_level_id":1,"msg":"Recovering log 3 through 3"}}}
{"t":{"$date":"2026-04-20T22:02:22.476+05:30"},"s":"I",  "c":"WTRECOV",  "id":22430,   "ctx":"initandlisten","msg":"WiredTiger message","attr":{"message":{"ts_sec":1776702742,"ts_usec":475661,"thread":"39220:140715967546912","session_name":"txn-recover","category":"WT_VERB_RECOVERY_PROGRESS","category_id":34,"verbose_level":"DEBUG_1","verbose_level_id":1,"msg":"recovery log replay has successfully finished and ran for 355 milliseconds"}}}
{"t":{"$date":"2026-04-20T22:02:22.476+05:30"},"s":"I",  "c":"WTRECOV",  "id":22430,   "ctx":"initandlisten","msg":"WiredTiger message","attr":{"message":{"ts_sec":1776702742,"ts_usec":475661,"thread":"39220:140715967546912","session_name":"txn-recover","category":"WT_VERB_RECOVERY_PROGRESS","category_id":34,"verbose_level":"DEBUG_1","verbose_level_id":1,"msg":"Set global recovery timestamp: (0, 0)"}}}
{"t":{"$date":"2026-04-20T22:02:22.476+05:30"},"s":"I",  "c":"WTRECOV",  "id":22430,   "ctx":"initandlisten","msg":"WiredTiger message","attr":{"message":{"ts_sec":1776702742,"ts_usec":475661,"thread":"39220:140715967546912","session_name":"txn-recover","category":"WT_VERB_RECOVERY_PROGRESS","category_id":34,"verbose_level":"DEBUG_1","verbose_level_id":1,"msg":"Set global oldest timestamp: (0, 0)"}}}
{"t":{"$date":"2026-04-20T22:02:22.477+05:30"},"s":"I",  "c":"WTRECOV",  "id":22430,   "ctx":"initandlisten","msg":"WiredTiger message","attr":{"message":{"ts_sec":1776702742,"ts_usec":477652,"thread":"39220:140715967546912","session_name":"txn-recover","category":"WT_VERB_RECOVERY_PROGRESS","category_id":34,"verbose_level":"DEBUG_1","verbose_level_id":1,"msg":"recovery rollback to stable has successfully finished and ran for 1 milliseconds"}}}
{"t":{"$date":"2026-04-20T22:02:22.479+05:30"},"s":"I",  "c":"WTCHKPT",  "id":22430,   "ctx":"initandlisten","msg":"WiredTiger message","attr":{"message":{"ts_sec":1776702742,"ts_usec":479648,"thread":"39220:140715967546912","session_name":"WT_SESSION.checkpoint","category":"WT_VERB_CHECKPOINT_PROGRESS","category_id":7,"verbose_level":"DEBUG_1","verbose_level_id":1,"msg":"saving checkpoint snapshot min: 1, snapshot max: 1 snapshot count: 0, oldest timestamp: (0, 0) , meta checkpoint timestamp: (0, 0) base write gen: 22"}}}
{"t":{"$date":"2026-04-20T22:02:22.487+05:30"},"s":"I",  "c":"WTRECOV",  "id":22430,   "ctx":"initandlisten","msg":"WiredTiger message","attr":{"message":{"ts_sec":1776702742,"ts_usec":487447,"thread":"39220:140715967546912","session_name":"txn-recover","category":"WT_VERB_RECOVERY_PROGRESS","category_id":34,"verbose_level":"DEBUG_1","verbose_level_id":1,"msg":"recovery checkpoint has successfully finished and ran for 9 milliseconds"}}}
{"t":{"$date":"2026-04-20T22:02:22.488+05:30"},"s":"I",  "c":"WTRECOV",  "id":22430,   "ctx":"initandlisten","msg":"WiredTiger message","attr":{"message":{"ts_sec":1776702742,"ts_usec":487951,"thread":"39220:140715967546912","session_name":"txn-recover","category":"WT_VERB_RECOVERY_PROGRESS","category_id":34,"verbose_level":"DEBUG_1","verbose_level_id":1,"msg":"recovery was completed successfully and took 367ms, including 355ms for the log replay, 1ms for the rollback to stable, and 9ms for the checkpoint."}}}
{"t":{"$date":"2026-04-20T22:02:22.494+05:30"},"s":"I",  "c":"STORAGE",  "id":4795906, "ctx":"initandlisten","msg":"WiredTiger opened","attr":{"durationMillis":405}}
{"t":{"$date":"2026-04-20T22:02:22.494+05:30"},"s":"I",  "c":"RECOVERY", "id":23987,   "ctx":"initandlisten","msg":"WiredTiger recoveryTimestamp","attr":{"recoveryTimestamp":{"$timestamp":{"t":0,"i":0}}}}
{"t":{"$date":"2026-04-20T22:02:22.496+05:30"},"s":"I",  "c":"STORAGE",  "id":9529901, "ctx":"initandlisten","msg":"Initializing durable catalog","attr":{"numRecords":7}}
{"t":{"$date":"2026-04-20T22:02:22.497+05:30"},"s":"I",  "c":"STORAGE",  "id":9529902, "ctx":"initandlisten","msg":"Retrieving all idents from storage engine"}
{"t":{"$date":"2026-04-20T22:02:22.497+05:30"},"s":"I",  "c":"STORAGE",  "id":9529903, "ctx":"initandlisten","msg":"Initializing all collections in durable catalog","attr":{"numEntries":7}}
{"t":{"$date":"2026-04-20T22:02:22.502+05:30"},"s":"W",  "c":"CONTROL",  "id":22120,   "ctx":"initandlisten","msg":"Access control is not enabled for the database. Read and write access to data and configuration is unrestricted","tags":["startupWarnings"]}
{"t":{"$date":"2026-04-20T22:02:22.506+05:30"},"s":"I",  "c":"NETWORK",  "id":4915702, "ctx":"initandlisten","msg":"Updated wire specification","attr":{"oldSpec":{"incomingExternalClient":{"minWireVersion":0,"maxWireVersion":25},"incomingInternalClient":{"minWireVersion":0,"maxWireVersion":25},"outgoing":{"minWireVersion":6,"maxWireVersion":25},"isInternalClient":true},"newSpec":{"incomingExternalClient":{"minWireVersion":0,"maxWireVersion":25},"incomingInternalClient":{"minWireVersion":25,"maxWireVersion":25},"outgoing":{"minWireVersion":25,"maxWireVersion":25},"isInternalClient":true}}}
{"t":{"$date":"2026-04-20T22:02:22.506+05:30"},"s":"I",  "c":"REPL",     "id":5853300, "ctx":"initandlisten","msg":"current featureCompatibilityVersion value","attr":{"featureCompatibilityVersion":"8.0","context":"startup"}}
{"t":{"$date":"2026-04-20T22:02:22.506+05:30"},"s":"I",  "c":"STORAGE",  "id":5071100, "ctx":"initandlisten","msg":"Clearing temp directory"}
{"t":{"$date":"2026-04-20T22:02:22.509+05:30"},"s":"I",  "c":"CONTROL",  "id":6608200, "ctx":"initandlisten","msg":"Initializing cluster server parameters from disk"}
{"t":{"$date":"2026-04-20T22:02:22.509+05:30"},"s":"I",  "c":"CONTROL",  "id":20536,   "ctx":"initandlisten","msg":"Flow Control is enabled on this deployment"}
{"t":{"$date":"2026-04-20T22:02:22.663+05:30"},"s":"I",  "c":"FTDC",     "id":20625,   "ctx":"initandlisten","msg":"Initializing full-time diagnostic data capture","attr":{"dataDirectory":"./.mongo-data/diagnostic.data"}}
{"t":{"$date":"2026-04-20T22:02:22.667+05:30"},"s":"I",  "c":"REPL",     "id":6015317, "ctx":"initandlisten","msg":"Setting new configuration state","attr":{"newState":"ConfigReplicationDisabled","oldState":"ConfigPreStart"}}
{"t":{"$date":"2026-04-20T22:02:22.668+05:30"},"s":"I",  "c":"STORAGE",  "id":22262,   "ctx":"initandlisten","msg":"Timestamp monitor starting"}
{"t":{"$date":"2026-04-20T22:02:22.668+05:30"},"s":"I",  "c":"STORAGE",  "id":7333401, "ctx":"initandlisten","msg":"Starting the DiskSpaceMonitor"}
{"t":{"$date":"2026-04-20T22:02:22.671+05:30"},"s":"I",  "c":"NETWORK",  "id":23015,   "ctx":"listener","msg":"Listening on","attr":{"address":"127.0.0.1:27017"}}
{"t":{"$date":"2026-04-20T22:02:22.671+05:30"},"s":"I",  "c":"NETWORK",  "id":23016,   "ctx":"listener","msg":"Waiting for connections","attr":{"port":27017,"ssl":"off"}}
{"t":{"$date":"2026-04-20T22:02:22.671+05:30"},"s":"I",  "c":"CONTROL",  "id":8423403, "ctx":"initandlisten","msg":"mongod startup complete","attr":{"Summary of time elapsed":{"Startup from clean shutdown?":true,"Statistics":{"Set up periodic runner":"0 ms","Set up online certificate status protocol manager":"0 ms","Transport layer setup":"0 ms","Run initial syncer crash recovery":"0 ms","Create storage engine lock file in the data directory":"0 ms","Get metadata describing storage engine":"0 ms","Validate options in metadata against current startup options":"0 ms","Create storage engine":"408 ms","Write current PID to file":"0 ms","Initialize FCV before rebuilding indexes":"3 ms","Drop abandoned idents and get back indexes that need to be rebuilt or builds that need to be restarted":"0 ms","Rebuild indexes for collections":"0 ms","Load cluster parameters from disk for a standalone":"0 ms","Build user and roles graph":"0 ms","Set up the background thread pool responsible for waiting for opTimes to be majority committed":"0 ms","Start up the replication coordinator":"0 ms","Ensure the change stream collections on startup contain consistent data":"0 ms","Write startup options to the audit log":"0 ms","Start transport layer":"1 ms","_initAndListen total elapsed time":"584 ms"}}}}
{"t":{"$date":"2026-04-20T22:02:23.009+05:30"},"s":"W",  "c":"CONTROL",  "id":636300,  "ctx":"ftdc","msg":"Use of deprecated server parameter name","attr":{"deprecatedName":"internalQueryCacheSize","canonicalName":"internalQueryCacheMaxEntriesPerCollection"}}
{"t":{"$date":"2026-04-20T22:02:23.010+05:30"},"s":"W",  "c":"CONTROL",  "id":636300,  "ctx":"ftdc","msg":"Use of deprecated server parameter name","attr":{"deprecatedName":"oplogSamplingLogIntervalSeconds","canonicalName":"collectionSamplingLogIntervalSeconds"}}
{"t":{"$date":"2026-04-20T22:02:23.010+05:30"},"s":"W",  "c":"NETWORK",  "id":23803,   "ctx":"ftdc","msg":"Use of deprecated server parameter 'sslMode', please use 'tlsMode' instead."}
{"t":{"$date":"2026-04-20T22:02:23.010+05:30"},"s":"W",  "c":"CONTROL",  "id":636300,  "ctx":"ftdc","msg":"Use of deprecated server parameter name","attr":{"deprecatedName":"wiredTigerConcurrentReadTransactions","canonicalName":"storageEngineConcurrentReadTransactions"}}
{"t":{"$date":"2026-04-20T22:02:23.010+05:30"},"s":"W",  "c":"CONTROL",  "id":636300,  "ctx":"ftdc","msg":"Use of deprecated server parameter name","attr":{"deprecatedName":"wiredTigerConcurrentWriteTransactions","canonicalName":"storageEngineConcurrentWriteTransactions"}}
{"t":{"$date":"2026-04-20T22:03:22.505+05:30"},"s":"I",  "c":"WTCHKPT",  "id":22430,   "ctx":"Checkpointer","msg":"WiredTiger message","attr":{"message":{"ts_sec":1776702802,"ts_usec":505620,"thread":"39220:140715967546912","session_name":"WT_SESSION.checkpoint","category":"WT_VERB_CHECKPOINT_PROGRESS","category_id":7,"verbose_level":"DEBUG_1","verbose_level_id":1,"msg":"saving checkpoint snapshot min: 3, snapshot max: 3 snapshot count: 0, oldest timestamp: (0, 0) , meta checkpoint timestamp: (0, 0) base write gen: 22"}}}
{"t":{"$date":"2026-04-20T22:04:22.518+05:30"},"s":"I",  "c":"WTCHKPT",  "id":22430,   "ctx":"Checkpointer","msg":"WiredTiger message","attr":{"message":{"ts_sec":1776702862,"ts_usec":518462,"thread":"39220:140715967546912","session_name":"WT_SESSION.checkpoint","category":"WT_VERB_CHECKPOINT_PROGRESS","category_id":7,"verbose_level":"DEBUG_1","verbose_level_id":1,"msg":"saving checkpoint snapshot min: 5, snapshot max: 5 snapshot count: 0, oldest timestamp: (0, 0) , meta checkpoint timestamp: (0, 0) base write gen: 22"}}}
{"t":{"$date":"2026-04-20T22:05:22.531+05:30"},"s":"I",  "c":"WTCHKPT",  "id":22430,   "ctx":"Checkpointer","msg":"WiredTiger message","attr":{"message":{"ts_sec":1776702922,"ts_usec":531413,"thread":"39220:140715967546912","session_name":"WT_SESSION.checkpoint","category":"WT_VERB_CHECKPOINT_PROGRESS","category_id":7,"verbose_level":"DEBUG_1","verbose_level_id":1,"msg":"saving checkpoint snapshot min: 6, snapshot max: 6 snapshot count: 0, oldest timestamp: (0, 0) , meta checkpoint timestamp: (0, 0) base write gen: 22"}}}
{"t":{"$date":"2026-04-20T22:05:43.230+05:30"},"s":"I",  "c":"CONTROL",  "id":23373,   "ctx":"thread26","msg":"CTRL_CLOSE_EVENT signal"}
{"t":{"$date":"2026-04-20T22:05:43.230+05:30"},"s":"I",  "c":"CONTROL",  "id":23371,   "ctx":"consoleTerminate","msg":"Received event, will terminate after current command ends","attr":{"controlCode":"CTRL_CLOSE_EVENT"}}
{"t":{"$date":"2026-04-20T22:05:43.231+05:30"},"s":"I",  "c":"REPL",     "id":4784900, "ctx":"consoleTerminate","msg":"Stepping down the ReplicationCoordinator for shutdown","attr":{"waitTimeMillis":15000}}
{"t":{"$date":"2026-04-20T22:05:43.231+05:30"},"s":"I",  "c":"REPL",     "id":4794602, "ctx":"consoleTerminate","msg":"Attempting to enter quiesce mode"}
{"t":{"$date":"2026-04-20T22:05:43.231+05:30"},"s":"I",  "c":"STORAGE",  "id":7333402, "ctx":"consoleTerminate","msg":"Shutting down the DiskSpaceMonitor"}
{"t":{"$date":"2026-04-20T22:05:43.231+05:30"},"s":"I",  "c":"-",        "id":6371601, "ctx":"consoleTerminate","msg":"Shutting down the FLE Crud thread pool"}
{"t":{"$date":"2026-04-20T22:05:43.231+05:30"},"s":"I",  "c":"COMMAND",  "id":4784901, "ctx":"consoleTerminate","msg":"Shutting down the MirrorMaestro"}
{"t":{"$date":"2026-04-20T22:05:43.231+05:30"},"s":"I",  "c":"SHARDING", "id":4784902, "ctx":"consoleTerminate","msg":"Shutting down the WaitForMajorityService"}
{"t":{"$date":"2026-04-20T22:05:43.232+05:30"},"s":"I",  "c":"CONTROL",  "id":4784903, "ctx":"consoleTerminate","msg":"Shutting down the LogicalSessionCache"}
{"t":{"$date":"2026-04-20T22:05:43.232+05:30"},"s":"I",  "c":"NETWORK",  "id":8314100, "ctx":"consoleTerminate","msg":"Shutdown: Closing listener sockets"}
{"t":{"$date":"2026-04-20T22:05:43.232+05:30"},"s":"I",  "c":"NETWORK",  "id":4784905, "ctx":"consoleTerminate","msg":"Shutting down the global connection pool"}
{"t":{"$date":"2026-04-20T22:05:43.232+05:30"},"s":"I",  "c":"CONTROL",  "id":4784906, "ctx":"consoleTerminate","msg":"Shutting down the FlowControlTicketholder"}
{"t":{"$date":"2026-04-20T22:05:43.232+05:30"},"s":"I",  "c":"-",        "id":20520,   "ctx":"consoleTerminate","msg":"Stopping further Flow Control ticket acquisitions."}
{"t":{"$date":"2026-04-20T22:05:43.232+05:30"},"s":"I",  "c":"CONTROL",  "id":4784908, "ctx":"consoleTerminate","msg":"Shutting down the PeriodicThreadToAbortExpiredTransactions"}
{"t":{"$date":"2026-04-20T22:05:43.232+05:30"},"s":"I",  "c":"REPL",     "id":4784909, "ctx":"consoleTerminate","msg":"Shutting down the ReplicationCoordinator"}
{"t":{"$date":"2026-04-20T22:05:43.232+05:30"},"s":"I",  "c":"SHARDING", "id":4784910, "ctx":"consoleTerminate","msg":"Shutting down the ShardingInitializationMongoD"}
{"t":{"$date":"2026-04-20T22:05:43.232+05:30"},"s":"I",  "c":"REPL",     "id":4784911, "ctx":"consoleTerminate","msg":"Enqueuing the ReplicationStateTransitionLock for shutdown"}
{"t":{"$date":"2026-04-20T22:05:43.232+05:30"},"s":"I",  "c":"-",        "id":4784912, "ctx":"consoleTerminate","msg":"Killing all operations for shutdown"}
{"t":{"$date":"2026-04-20T22:05:43.232+05:30"},"s":"I",  "c":"-",        "id":4695300, "ctx":"consoleTerminate","msg":"Interrupted all currently running operations","attr":{"opsKilled":3}}
{"t":{"$date":"2026-04-20T22:05:43.232+05:30"},"s":"I",  "c":"TENANT_M", "id":5093807, "ctx":"consoleTerminate","msg":"Shutting down all TenantMigrationAccessBlockers on global shutdown"}
{"t":{"$date":"2026-04-20T22:05:43.232+05:30"},"s":"I",  "c":"ASIO",     "id":22582,   "ctx":"TenantMigrationBlockerNet","msg":"Killing all outstanding egress activity."}
{"t":{"$date":"2026-04-20T22:05:43.233+05:30"},"s":"I",  "c":"ASIO",     "id":6529201, "ctx":"consoleTerminate","msg":"Network interface redundant shutdown","attr":{"state":"Stopped"}}
{"t":{"$date":"2026-04-20T22:05:43.233+05:30"},"s":"I",  "c":"ASIO",     "id":22582,   "ctx":"consoleTerminate","msg":"Killing all outstanding egress activity."}
{"t":{"$date":"2026-04-20T22:05:43.233+05:30"},"s":"I",  "c":"COMMAND",  "id":4784913, "ctx":"consoleTerminate","msg":"Shutting down all open transactions"}
{"t":{"$date":"2026-04-20T22:05:43.233+05:30"},"s":"I",  "c":"REPL",     "id":4784914, "ctx":"consoleTerminate","msg":"Acquiring the ReplicationStateTransitionLock for shutdown"}
{"t":{"$date":"2026-04-20T22:05:43.233+05:30"},"s":"I",  "c":"INDEX",    "id":4784915, "ctx":"consoleTerminate","msg":"Shutting down the IndexBuildsCoordinator"}
{"t":{"$date":"2026-04-20T22:05:43.233+05:30"},"s":"I",  "c":"NETWORK",  "id":4784918, "ctx":"consoleTerminate","msg":"Shutting down the ReplicaSetMonitor"}
{"t":{"$date":"2026-04-20T22:05:43.233+05:30"},"s":"I",  "c":"SHARDING", "id":4784921, "ctx":"consoleTerminate","msg":"Shutting down the MigrationUtilExecutor"}
{"t":{"$date":"2026-04-20T22:05:43.233+05:30"},"s":"I",  "c":"ASIO",     "id":22582,   "ctx":"MigrationUtil-TaskExecutor","msg":"Killing all outstanding egress activity."}
{"t":{"$date":"2026-04-20T22:05:43.233+05:30"},"s":"I",  "c":"NETWORK",  "id":20562,   "ctx":"consoleTerminate","msg":"Shutdown: Closing open transport sessions"}
{"t":{"$date":"2026-04-20T22:05:43.233+05:30"},"s":"I",  "c":"NETWORK",  "id":4784923, "ctx":"consoleTerminate","msg":"Shutting down the ASIO transport SessionManager"}
{"t":{"$date":"2026-04-20T22:05:43.233+05:30"},"s":"I",  "c":"CONTROL",  "id":4784927, "ctx":"consoleTerminate","msg":"Shutting down the HealthLog"}
{"t":{"$date":"2026-04-20T22:05:43.233+05:30"},"s":"I",  "c":"CONTROL",  "id":4784928, "ctx":"consoleTerminate","msg":"Shutting down the TTL monitor"}
{"t":{"$date":"2026-04-20T22:05:43.233+05:30"},"s":"I",  "c":"INDEX",    "id":3684100, "ctx":"consoleTerminate","msg":"Shutting down TTL collection monitor thread"}
{"t":{"$date":"2026-04-20T22:05:43.233+05:30"},"s":"I",  "c":"INDEX",    "id":3684101, "ctx":"consoleTerminate","msg":"Finished shutting down TTL collection monitor thread"}
{"t":{"$date":"2026-04-20T22:05:43.233+05:30"},"s":"I",  "c":"CONTROL",  "id":6278511, "ctx":"consoleTerminate","msg":"Shutting down the Change Stream Expired Pre-images Remover"}
{"t":{"$date":"2026-04-20T22:05:43.233+05:30"},"s":"I",  "c":"CONTROL",  "id":4784929, "ctx":"consoleTerminate","msg":"Acquiring the global lock for shutdown"}
{"t":{"$date":"2026-04-20T22:05:43.233+05:30"},"s":"I",  "c":"CONTROL",  "id":4784930, "ctx":"consoleTerminate","msg":"Shutting down the storage engine"}
{"t":{"$date":"2026-04-20T22:05:43.233+05:30"},"s":"I",  "c":"STORAGE",  "id":22320,   "ctx":"consoleTerminate","msg":"Shutting down journal flusher thread"}
{"t":{"$date":"2026-04-20T22:05:43.233+05:30"},"s":"I",  "c":"STORAGE",  "id":22321,   "ctx":"consoleTerminate","msg":"Finished shutting down journal flusher thread"}
{"t":{"$date":"2026-04-20T22:05:43.233+05:30"},"s":"I",  "c":"STORAGE",  "id":22322,   "ctx":"consoleTerminate","msg":"Shutting down checkpoint thread"}
{"t":{"$date":"2026-04-20T22:05:43.233+05:30"},"s":"I",  "c":"STORAGE",  "id":22323,   "ctx":"consoleTerminate","msg":"Finished shutting down checkpoint thread"}
{"t":{"$date":"2026-04-20T22:05:43.233+05:30"},"s":"I",  "c":"STORAGE",  "id":22261,   "ctx":"consoleTerminate","msg":"Timestamp monitor shutting down"}
{"t":{"$date":"2026-04-20T22:05:43.234+05:30"},"s":"I",  "c":"STORAGE",  "id":20282,   "ctx":"consoleTerminate","msg":"Deregistering all the collections"}
{"t":{"$date":"2026-04-20T22:05:43.234+05:30"},"s":"I",  "c":"STORAGE",  "id":22317,   "ctx":"consoleTerminate","msg":"WiredTigerKVEngine shutting down"}
{"t":{"$date":"2026-04-20T22:05:43.234+05:30"},"s":"I",  "c":"STORAGE",  "id":22318,   "ctx":"consoleTerminate","msg":"Shutting down session sweeper thread"}
{"t":{"$date":"2026-04-20T22:05:43.234+05:30"},"s":"I",  "c":"STORAGE",  "id":22319,   "ctx":"consoleTerminate","msg":"Finished shutting down session sweeper thread"}
{"t":{"$date":"2026-04-20T22:05:43.234+05:30"},"s":"I",  "c":"STORAGE",  "id":4795902, "ctx":"consoleTerminate","msg":"Closing WiredTiger","attr":{"closeConfig":"leak_memory=true,use_timestamp=false,"}}
{"t":{"$date":"2026-04-20T22:05:43.235+05:30"},"s":"I",  "c":"WTCHKPT",  "id":22430,   "ctx":"consoleTerminate","msg":"WiredTiger message","attr":{"message":{"ts_sec":1776702943,"ts_usec":234014,"thread":"39220:140715967546912","session_name":"close_ckpt","category":"WT_VERB_CHECKPOINT_PROGRESS","category_id":7,"verbose_level":"DEBUG_1","verbose_level_id":1,"msg":"saving checkpoint snapshot min: 7, snapshot max: 7 snapshot count: 0, oldest timestamp: (0, 0) , meta checkpoint timestamp: (0, 0) base write gen: 22"}}}
{"t":{"$date":"2026-04-20T22:05:43.244+05:30"},"s":"I",  "c":"WTRECOV",  "id":22430,   "ctx":"consoleTerminate","msg":"WiredTiger message","attr":{"message":{"ts_sec":1776702943,"ts_usec":244059,"thread":"39220:140715967546912","session_name":"WT_CONNECTION.close","category":"WT_VERB_RECOVERY_PROGRESS","category_id":34,"verbose_level":"DEBUG_1","verbose_level_id":1,"msg":"shutdown checkpoint has successfully finished and ran for 10 milliseconds"}}}
{"t":{"$date":"2026-04-20T22:05:43.244+05:30"},"s":"I",  "c":"WTRECOV",  "id":22430,   "ctx":"consoleTerminate","msg":"WiredTiger message","attr":{"message":{"ts_sec":1776702943,"ts_usec":244059,"thread":"39220:140715967546912","session_name":"WT_CONNECTION.close","category":"WT_VERB_RECOVERY_PROGRESS","category_id":34,"verbose_level":"DEBUG_1","verbose_level_id":1,"msg":"shutdown was completed successfully and took 10ms, including 0ms for the rollback to stable, and 10ms for the checkpoint."}}}
{"t":{"$date":"2026-04-20T22:05:43.266+05:30"},"s":"I",  "c":"STORAGE",  "id":4795901, "ctx":"consoleTerminate","msg":"WiredTiger closed","attr":{"durationMillis":32}}
{"t":{"$date":"2026-04-20T22:05:43.266+05:30"},"s":"I",  "c":"STORAGE",  "id":22281,   "ctx":"consoleTerminate","msg":"shutdown: removing fs lock..."}
{"t":{"$date":"2026-04-20T22:05:43.266+05:30"},"s":"I",  "c":"-",        "id":4784931, "ctx":"consoleTerminate","msg":"Dropping the scope cache for shutdown"}
{"t":{"$date":"2026-04-20T22:05:43.266+05:30"},"s":"I",  "c":"FTDC",     "id":20626,   "ctx":"consoleTerminate","msg":"Shutting down full-time diagnostic data capture"}
{"t":{"$date":"2026-04-20T22:05:43.271+05:30"},"s":"I",  "c":"CONTROL",  "id":20565,   "ctx":"consoleTerminate","msg":"Now exiting"}
{"t":{"$date":"2026-04-20T22:05:43.272+05:30"},"s":"I",  "c":"CONTROL",  "id":8423404, "ctx":"consoleTerminate","msg":"mongod shutdown complete","attr":{"Summary of time elapsed":{"Statistics":{"Enter terminal shutdown":"0 ms","Step down the replication coordinator for shutdown":"0 ms","Time spent in quiesce mode":"0 ms","Shut down FLE Crud subsystem":"0 ms","Shut down MirrorMaestro":"0 ms","Shut down WaitForMajorityService":"0 ms","Shut down the logical session cache":"1 ms","Shut down the global connection pool":"0 ms","Shut down the flow control ticket holder":"0 ms","Shut down the thread that aborts expired transactions":"0 ms","Kill all operations for shutdown":"0 ms","Shut down all tenant migration access blockers on global shutdown":"1 ms","Shut down all open transactions":"0 ms","Acquire the RSTL for shutdown":"0 ms","Shut down the IndexBuildsCoordinator and wait for index builds to finish":"0 ms","Shut down the replica set monitor":"0 ms","Shut down the migration util executor":"0 ms","Shut down the transport layer":"0 ms","Shut down the health log":"0 ms","Shut down the TTL monitor":"0 ms","Shut down expired pre-images and documents removers":"0 ms","Shut down the storage engine":"33 ms","Wait for the oplog cap maintainer thread to stop":"0 ms","Shut down full-time data capture":"0 ms","Shut down online certificate status protocol manager":"0 ms","shutdownTask total elapsed time":"41 ms"}}}}
{"t":{"$date":"2026-04-20T22:05:43.272+05:30"},"s":"I",  "c":"CONTROL",  "id":23138,   "ctx":"consoleTerminate","msg":"Shutting down","attr":{"exitCode":12}}
